<?xml version="1.0" encoding="UTF-8"?>
<coverage generated="1617740105020" clover="3.2.0">
  <project timestamp="1617740105021" name="All files">
    <metrics statements="213" coveredstatements="92" conditionals="105" coveredconditionals="42" methods="27" coveredmethods="11" elements="345" coveredelements="145" complexity="0" loc="213" ncloc="213" packages="1" files="1" classes="1"/>
    <file name="obfuscator.js" path="C:\Users\anna_kuznetsova1\projects\Obfuscator\src\obfuscator.js">
      <metrics statements="213" coveredstatements="92" conditionals="105" coveredconditionals="42" methods="27" coveredmethods="11"/>
      <line num="1" count="1" type="stmt"/>
      <line num="2" count="1" type="stmt"/>
      <line num="5" count="1" type="stmt"/>
      <line num="6" count="1" type="stmt"/>
      <line num="9" count="1" type="stmt"/>
      <line num="10" count="1" type="stmt"/>
      <line num="12" count="1" type="stmt"/>
      <line num="13" count="52" type="cond" truecount="2" falsecount="2"/>
      <line num="14" count="0" type="stmt"/>
      <line num="15" count="0" type="stmt"/>
      <line num="18" count="52" type="cond" truecount="2" falsecount="3"/>
      <line num="19" count="0" type="stmt"/>
      <line num="20" count="0" type="stmt"/>
      <line num="21" count="0" type="stmt"/>
      <line num="24" count="52" type="cond" truecount="2" falsecount="2"/>
      <line num="25" count="0" type="stmt"/>
      <line num="26" count="0" type="stmt"/>
      <line num="29" count="52" type="cond" truecount="4" falsecount="0"/>
      <line num="30" count="1" type="cond" truecount="1" falsecount="1"/>
      <line num="31" count="1" type="stmt"/>
      <line num="32" count="43" type="cond" truecount="1" falsecount="1"/>
      <line num="33" count="0" type="stmt"/>
      <line num="34" count="0" type="stmt"/>
      <line num="39" count="0" type="stmt"/>
      <line num="40" count="0" type="cond" truecount="0" falsecount="2"/>
      <line num="41" count="0" type="stmt"/>
      <line num="42" count="0" type="stmt"/>
      <line num="43" count="0" type="stmt"/>
      <line num="48" count="1" type="stmt"/>
      <line num="51" count="1" type="stmt"/>
      <line num="52" count="1" type="stmt"/>
      <line num="58" count="1" type="stmt"/>
      <line num="60" count="1" type="stmt"/>
      <line num="61" count="2" type="cond" truecount="4" falsecount="0"/>
      <line num="62" count="1" type="stmt"/>
      <line num="63" count="1" type="stmt"/>
      <line num="64" count="1" type="stmt"/>
      <line num="68" count="1" type="stmt"/>
      <line num="69" count="1" type="stmt"/>
      <line num="72" count="1" type="stmt"/>
      <line num="73" count="3" type="stmt"/>
      <line num="74" count="3" type="stmt"/>
      <line num="75" count="3" type="stmt"/>
      <line num="81" count="4" type="cond" truecount="2" falsecount="0"/>
      <line num="85" count="7" type="stmt"/>
      <line num="88" count="1" type="stmt"/>
      <line num="89" count="1" type="stmt"/>
      <line num="90" count="2" type="stmt"/>
      <line num="91" count="2" type="stmt"/>
      <line num="93" count="2" type="stmt"/>
      <line num="95" count="2" type="stmt"/>
      <line num="98" count="1" type="stmt"/>
      <line num="99" count="10" type="stmt"/>
      <line num="100" count="10" type="stmt"/>
      <line num="101" count="10" type="stmt"/>
      <line num="102" count="10" type="stmt"/>
      <line num="103" count="8" type="stmt"/>
      <line num="104" count="8" type="stmt"/>
      <line num="106" count="10" type="stmt"/>
      <line num="109" count="1" type="stmt"/>
      <line num="110" count="1" type="stmt"/>
      <line num="111" count="1" type="stmt"/>
      <line num="112" count="1" type="stmt"/>
      <line num="113" count="1" type="stmt"/>
      <line num="115" count="1" type="stmt"/>
      <line num="116" count="4" type="stmt"/>
      <line num="117" count="4" type="stmt"/>
      <line num="118" count="4" type="stmt"/>
      <line num="119" count="2" type="stmt"/>
      <line num="120" count="2" type="stmt"/>
      <line num="121" count="2" type="stmt"/>
      <line num="122" count="2" type="stmt"/>
      <line num="123" count="2" type="stmt"/>
      <line num="124" count="2" type="stmt"/>
      <line num="126" count="2" type="stmt"/>
      <line num="127" count="2" type="cond" truecount="1" falsecount="1"/>
      <line num="128" count="0" type="stmt"/>
      <line num="129" count="2" type="stmt"/>
      <line num="131" count="2" type="stmt"/>
      <line num="132" count="4" type="cond" truecount="11" falsecount="0"/>
      <line num="133" count="2" type="stmt"/>
      <line num="134" count="2" type="stmt"/>
      <line num="136" count="2" type="cond" truecount="1" falsecount="1"/>
      <line num="137" count="2" type="stmt"/>
      <line num="138" count="2" type="stmt"/>
      <line num="139" count="2" type="cond" truecount="1" falsecount="1"/>
      <line num="141" count="2" type="stmt"/>
      <line num="143" count="2" type="stmt"/>
      <line num="144" count="3" type="stmt"/>
      <line num="146" count="3" type="cond" truecount="5" falsecount="0"/>
      <line num="147" count="2" type="cond" truecount="5" falsecount="1"/>
      <line num="149" count="2" type="stmt"/>
      <line num="150" count="2" type="stmt"/>
      <line num="151" count="2" type="stmt"/>
      <line num="154" count="2" type="stmt"/>
      <line num="155" count="2" type="stmt"/>
      <line num="156" count="2" type="stmt"/>
      <line num="157" count="2" type="stmt"/>
      <line num="162" count="2" type="stmt"/>
      <line num="165" count="1" type="stmt"/>
      <line num="166" count="1" type="stmt"/>
      <line num="167" count="1" type="stmt"/>
      <line num="168" count="1" type="stmt"/>
      <line num="170" count="1" type="stmt"/>
      <line num="171" count="1" type="stmt"/>
      <line num="173" count="1" type="stmt"/>
      <line num="176" count="1" type="stmt"/>
      <line num="177" count="0" type="stmt"/>
      <line num="178" count="0" type="stmt"/>
      <line num="179" count="0" type="stmt"/>
      <line num="180" count="0" type="stmt"/>
      <line num="181" count="0" type="stmt"/>
      <line num="182" count="0" type="stmt"/>
      <line num="183" count="0" type="stmt"/>
      <line num="185" count="0" type="stmt"/>
      <line num="186" count="0" type="stmt"/>
      <line num="189" count="0" type="stmt"/>
      <line num="190" count="0" type="stmt"/>
      <line num="194" count="0" type="stmt"/>
      <line num="195" count="0" type="stmt"/>
      <line num="196" count="0" type="stmt"/>
      <line num="197" count="0" type="stmt"/>
      <line num="198" count="0" type="stmt"/>
      <line num="201" count="0" type="stmt"/>
      <line num="202" count="0" type="stmt"/>
      <line num="203" count="0" type="stmt"/>
      <line num="206" count="0" type="stmt"/>
      <line num="207" count="0" type="cond" truecount="0" falsecount="2"/>
      <line num="208" count="0" type="stmt"/>
      <line num="209" count="0" type="stmt"/>
      <line num="210" count="0" type="stmt"/>
      <line num="211" count="0" type="stmt"/>
      <line num="212" count="0" type="stmt"/>
      <line num="213" count="0" type="stmt"/>
      <line num="215" count="0" type="stmt"/>
      <line num="216" count="0" type="stmt"/>
      <line num="217" count="0" type="stmt"/>
      <line num="218" count="0" type="stmt"/>
      <line num="219" count="0" type="stmt"/>
      <line num="220" count="0" type="stmt"/>
      <line num="222" count="0" type="stmt"/>
      <line num="225" count="0" type="stmt"/>
      <line num="226" count="0" type="cond" truecount="0" falsecount="8"/>
      <line num="227" count="0" type="stmt"/>
      <line num="228" count="0" type="cond" truecount="0" falsecount="8"/>
      <line num="229" count="0" type="stmt"/>
      <line num="231" count="0" type="stmt"/>
      <line num="234" count="0" type="stmt"/>
      <line num="235" count="0" type="stmt"/>
      <line num="236" count="0" type="cond" truecount="0" falsecount="10"/>
      <line num="237" count="0" type="stmt"/>
      <line num="239" count="0" type="stmt"/>
      <line num="243" count="0" type="stmt"/>
      <line num="244" count="0" type="stmt"/>
      <line num="245" count="0" type="stmt"/>
      <line num="246" count="0" type="stmt"/>
      <line num="247" count="0" type="stmt"/>
      <line num="248" count="0" type="stmt"/>
      <line num="250" count="0" type="stmt"/>
      <line num="251" count="0" type="stmt"/>
      <line num="252" count="0" type="stmt"/>
      <line num="256" count="0" type="stmt"/>
      <line num="257" count="0" type="stmt"/>
      <line num="258" count="0" type="cond" truecount="0" falsecount="2"/>
      <line num="259" count="0" type="stmt"/>
      <line num="260" count="0" type="stmt"/>
      <line num="262" count="0" type="stmt"/>
      <line num="264" count="0" type="stmt"/>
      <line num="265" count="0" type="stmt"/>
      <line num="266" count="0" type="cond" truecount="0" falsecount="2"/>
      <line num="267" count="0" type="stmt"/>
      <line num="268" count="0" type="stmt"/>
      <line num="270" count="0" type="stmt"/>
      <line num="272" count="0" type="stmt"/>
      <line num="274" count="0" type="cond" truecount="0" falsecount="2"/>
      <line num="275" count="0" type="stmt"/>
      <line num="276" count="0" type="stmt"/>
      <line num="277" count="0" type="stmt"/>
      <line num="278" count="0" type="stmt"/>
      <line num="279" count="0" type="stmt"/>
      <line num="281" count="0" type="cond" truecount="0" falsecount="2"/>
      <line num="282" count="0" type="stmt"/>
      <line num="284" count="0" type="cond" truecount="0" falsecount="2"/>
      <line num="285" count="0" type="stmt"/>
      <line num="287" count="0" type="cond" truecount="0" falsecount="2"/>
      <line num="288" count="0" type="stmt"/>
      <line num="290" count="0" type="cond" truecount="0" falsecount="2"/>
      <line num="291" count="0" type="stmt"/>
      <line num="293" count="0" type="cond" truecount="0" falsecount="2"/>
      <line num="294" count="0" type="stmt"/>
      <line num="297" count="0" type="stmt"/>
      <line num="298" count="0" type="stmt"/>
      <line num="301" count="0" type="stmt"/>
      <line num="302" count="0" type="stmt"/>
      <line num="303" count="0" type="stmt"/>
      <line num="304" count="0" type="stmt"/>
      <line num="307" count="0" type="stmt"/>
      <line num="310" count="0" type="stmt"/>
      <line num="311" count="0" type="stmt"/>
      <line num="312" count="0" type="cond" truecount="0" falsecount="4"/>
      <line num="313" count="0" type="stmt"/>
      <line num="314" count="0" type="stmt"/>
      <line num="315" count="0" type="stmt"/>
      <line num="318" count="0" type="stmt"/>
      <line num="322" count="0" type="stmt"/>
      <line num="328" count="0" type="stmt"/>
      <line num="329" count="0" type="stmt"/>
      <line num="330" count="0" type="stmt"/>
      <line num="333" count="0" type="stmt"/>
      <line num="334" count="0" type="stmt"/>
      <line num="335" count="0" type="stmt"/>
      <line num="338" count="0" type="stmt"/>
      <line num="339" count="0" type="stmt"/>
    </file>
  </project>
</coverage>
