{"C:\\Users\\anna_kuznetsova1\\projects\\Obfuscator\\src\\obfuscator.js": {"path":"C:\\Users\\anna_kuznetsova1\\projects\\Obfuscator\\src\\obfuscator.js","statementMap":{"0":{"start":{"line":1,"column":33},"end":{"line":3,"column":1}},"1":{"start":{"line":2,"column":2},"end":{"line":2,"column":33}},"2":{"start":{"line":5,"column":39},"end":{"line":7,"column":1}},"3":{"start":{"line":6,"column":2},"end":{"line":6,"column":60}},"4":{"start":{"line":9,"column":40},"end":{"line":49,"column":1}},"5":{"start":{"line":10,"column":15},"end":{"line":10,"column":20}},"6":{"start":{"line":12,"column":2},"end":{"line":47,"column":1}},"7":{"start":{"line":12,"column":15},"end":{"line":12,"column":16}},"8":{"start":{"line":13,"column":4},"end":{"line":16,"column":5}},"9":{"start":{"line":14,"column":6},"end":{"line":14,"column":20}},"10":{"start":{"line":15,"column":6},"end":{"line":15,"column":15}},"11":{"start":{"line":18,"column":4},"end":{"line":22,"column":6}},"12":{"start":{"line":19,"column":7},"end":{"line":19,"column":22}},"13":{"start":{"line":20,"column":7},"end":{"line":20,"column":11}},"14":{"start":{"line":21,"column":7},"end":{"line":21,"column":16}},"15":{"start":{"line":24,"column":3},"end":{"line":27,"column":5}},"16":{"start":{"line":25,"column":6},"end":{"line":25,"column":21}},"17":{"start":{"line":26,"column":6},"end":{"line":26,"column":15}},"18":{"start":{"line":29,"column":3},"end":{"line":46,"column":1}},"19":{"start":{"line":30,"column":4},"end":{"line":45,"column":3}},"20":{"start":{"line":31,"column":6},"end":{"line":36,"column":7}},"21":{"start":{"line":31,"column":19},"end":{"line":31,"column":24}},"22":{"start":{"line":32,"column":8},"end":{"line":35,"column":9}},"23":{"start":{"line":33,"column":12},"end":{"line":33,"column":65}},"24":{"start":{"line":34,"column":10},"end":{"line":34,"column":16}},"25":{"start":{"line":39,"column":6},"end":{"line":44,"column":9}},"26":{"start":{"line":39,"column":19},"end":{"line":39,"column":24}},"27":{"start":{"line":40,"column":8},"end":{"line":44,"column":9}},"28":{"start":{"line":41,"column":10},"end":{"line":41,"column":25}},"29":{"start":{"line":42,"column":10},"end":{"line":42,"column":18}},"30":{"start":{"line":43,"column":10},"end":{"line":43,"column":16}},"31":{"start":{"line":48,"column":0},"end":{"line":48,"column":11}},"32":{"start":{"line":51,"column":37},"end":{"line":70,"column":1}},"33":{"start":{"line":52,"column":19},"end":{"line":56,"column":3}},"34":{"start":{"line":58,"column":16},"end":{"line":58,"column":30}},"35":{"start":{"line":60,"column":2},"end":{"line":66,"column":3}},"36":{"start":{"line":60,"column":15},"end":{"line":60,"column":16}},"37":{"start":{"line":61,"column":4},"end":{"line":65,"column":5}},"38":{"start":{"line":62,"column":6},"end":{"line":62,"column":60}},"39":{"start":{"line":63,"column":6},"end":{"line":63,"column":52}},"40":{"start":{"line":64,"column":6},"end":{"line":64,"column":10}},"41":{"start":{"line":68,"column":17},"end":{"line":68,"column":33}},"42":{"start":{"line":69,"column":2},"end":{"line":69,"column":16}},"43":{"start":{"line":72,"column":29},"end":{"line":76,"column":1}},"44":{"start":{"line":73,"column":13},"end":{"line":73,"column":56}},"45":{"start":{"line":74,"column":2},"end":{"line":74,"column":26}},"46":{"start":{"line":75,"column":2},"end":{"line":75,"column":14}},"47":{"start":{"line":81,"column":2},"end":{"line":81,"column":46}},"48":{"start":{"line":85,"column":2},"end":{"line":85,"column":44}},"49":{"start":{"line":88,"column":31},"end":{"line":174,"column":1}},"50":{"start":{"line":89,"column":17},"end":{"line":96,"column":3}},"51":{"start":{"line":90,"column":17},"end":{"line":90,"column":19}},"52":{"start":{"line":91,"column":21},"end":{"line":91,"column":49}},"53":{"start":{"line":93,"column":6},"end":{"line":93,"column":75}},"54":{"start":{"line":95,"column":6},"end":{"line":95,"column":18}},"55":{"start":{"line":98,"column":25},"end":{"line":107,"column":5}},"56":{"start":{"line":99,"column":24},"end":{"line":99,"column":26}},"57":{"start":{"line":100,"column":16},"end":{"line":100,"column":17}},"58":{"start":{"line":101,"column":18},"end":{"line":101,"column":20}},"59":{"start":{"line":102,"column":8},"end":{"line":105,"column":9}},"60":{"start":{"line":103,"column":10},"end":{"line":103,"column":29}},"61":{"start":{"line":104,"column":10},"end":{"line":104,"column":14}},"62":{"start":{"line":106,"column":8},"end":{"line":106,"column":25}},"63":{"start":{"line":109,"column":22},"end":{"line":109,"column":24}},"64":{"start":{"line":110,"column":20},"end":{"line":110,"column":22}},"65":{"start":{"line":111,"column":23},"end":{"line":111,"column":24}},"66":{"start":{"line":112,"column":14},"end":{"line":112,"column":16}},"67":{"start":{"line":113,"column":14},"end":{"line":113,"column":16}},"68":{"start":{"line":115,"column":26},"end":{"line":164,"column":5}},"69":{"start":{"line":116,"column":8},"end":{"line":116,"column":28}},"70":{"start":{"line":117,"column":8},"end":{"line":117,"column":35}},"71":{"start":{"line":118,"column":8},"end":{"line":163,"column":9}},"72":{"start":{"line":118,"column":21},"end":{"line":118,"column":22}},"73":{"start":{"line":119,"column":24},"end":{"line":119,"column":26}},"74":{"start":{"line":120,"column":27},"end":{"line":120,"column":29}},"75":{"start":{"line":121,"column":21},"end":{"line":121,"column":26}},"76":{"start":{"line":122,"column":24},"end":{"line":122,"column":26}},"77":{"start":{"line":123,"column":27},"end":{"line":123,"column":29}},"78":{"start":{"line":124,"column":16},"end":{"line":124,"column":17}},"79":{"start":{"line":126,"column":10},"end":{"line":129,"column":25}},"80":{"start":{"line":126,"column":23},"end":{"line":126,"column":33}},"81":{"start":{"line":127,"column":14},"end":{"line":129,"column":25}},"82":{"start":{"line":128,"column":16},"end":{"line":128,"column":20}},"83":{"start":{"line":129,"column":19},"end":{"line":129,"column":25}},"84":{"start":{"line":131,"column":10},"end":{"line":134,"column":23}},"85":{"start":{"line":131,"column":23},"end":{"line":131,"column":35}},"86":{"start":{"line":132,"column":12},"end":{"line":134,"column":23}},"87":{"start":{"line":133,"column":14},"end":{"line":133,"column":32}},"88":{"start":{"line":134,"column":17},"end":{"line":134,"column":23}},"89":{"start":{"line":136,"column":10},"end":{"line":161,"column":9}},"90":{"start":{"line":137,"column":12},"end":{"line":160,"column":36}},"91":{"start":{"line":138,"column":14},"end":{"line":138,"column":62}},"92":{"start":{"line":139,"column":14},"end":{"line":158,"column":15}},"93":{"start":{"line":141,"column":14},"end":{"line":141,"column":49}},"94":{"start":{"line":143,"column":14},"end":{"line":153,"column":15}},"95":{"start":{"line":143,"column":28},"end":{"line":143,"column":29}},"96":{"start":{"line":144,"column":16},"end":{"line":144,"column":41}},"97":{"start":{"line":146,"column":14},"end":{"line":152,"column":17}},"98":{"start":{"line":147,"column":14},"end":{"line":152,"column":17}},"99":{"start":{"line":149,"column":18},"end":{"line":149,"column":97}},"100":{"start":{"line":150,"column":18},"end":{"line":150,"column":53}},"101":{"start":{"line":151,"column":18},"end":{"line":151,"column":23}},"102":{"start":{"line":154,"column":16},"end":{"line":154,"column":53}},"103":{"start":{"line":155,"column":16},"end":{"line":155,"column":52}},"104":{"start":{"line":156,"column":16},"end":{"line":156,"column":31}},"105":{"start":{"line":157,"column":16},"end":{"line":157,"column":28}},"106":{"start":{"line":162,"column":10},"end":{"line":162,"column":37}},"107":{"start":{"line":165,"column":4},"end":{"line":165,"column":26}},"108":{"start":{"line":166,"column":4},"end":{"line":166,"column":26}},"109":{"start":{"line":167,"column":4},"end":{"line":167,"column":28}},"110":{"start":{"line":168,"column":4},"end":{"line":168,"column":31}},"111":{"start":{"line":170,"column":4},"end":{"line":170,"column":26}},"112":{"start":{"line":171,"column":4},"end":{"line":171,"column":24}},"113":{"start":{"line":173,"column":4},"end":{"line":173,"column":15}},"114":{"start":{"line":176,"column":0},"end":{"line":341,"column":2}},"115":{"start":{"line":177,"column":11},"end":{"line":177,"column":47}},"116":{"start":{"line":178,"column":11},"end":{"line":178,"column":46}},"117":{"start":{"line":179,"column":11},"end":{"line":179,"column":47}},"118":{"start":{"line":180,"column":10},"end":{"line":180,"column":44}},"119":{"start":{"line":181,"column":12},"end":{"line":181,"column":47}},"120":{"start":{"line":182,"column":13},"end":{"line":182,"column":46}},"121":{"start":{"line":183,"column":10},"end":{"line":183,"column":40}},"122":{"start":{"line":185,"column":0},"end":{"line":187,"column":3}},"123":{"start":{"line":186,"column":2},"end":{"line":186,"column":29}},"124":{"start":{"line":189,"column":0},"end":{"line":191,"column":3}},"125":{"start":{"line":190,"column":2},"end":{"line":190,"column":29}},"126":{"start":{"line":194,"column":14},"end":{"line":194,"column":46}},"127":{"start":{"line":195,"column":13},"end":{"line":195,"column":43}},"128":{"start":{"line":196,"column":2},"end":{"line":196,"column":41}},"129":{"start":{"line":197,"column":2},"end":{"line":197,"column":24}},"130":{"start":{"line":198,"column":2},"end":{"line":198,"column":19}},"131":{"start":{"line":201,"column":0},"end":{"line":204,"column":2}},"132":{"start":{"line":202,"column":2},"end":{"line":202,"column":82}},"133":{"start":{"line":203,"column":2},"end":{"line":203,"column":20}},"134":{"start":{"line":206,"column":0},"end":{"line":223,"column":2}},"135":{"start":{"line":207,"column":2},"end":{"line":221,"column":3}},"136":{"start":{"line":208,"column":4},"end":{"line":208,"column":24}},"137":{"start":{"line":209,"column":4},"end":{"line":209,"column":24}},"138":{"start":{"line":210,"column":4},"end":{"line":210,"column":24}},"139":{"start":{"line":211,"column":4},"end":{"line":211,"column":23}},"140":{"start":{"line":212,"column":4},"end":{"line":212,"column":25}},"141":{"start":{"line":213,"column":4},"end":{"line":213,"column":26}},"142":{"start":{"line":215,"column":4},"end":{"line":215,"column":25}},"143":{"start":{"line":216,"column":4},"end":{"line":216,"column":25}},"144":{"start":{"line":217,"column":4},"end":{"line":217,"column":25}},"145":{"start":{"line":218,"column":4},"end":{"line":218,"column":24}},"146":{"start":{"line":219,"column":4},"end":{"line":219,"column":26}},"147":{"start":{"line":220,"column":4},"end":{"line":220,"column":27}},"148":{"start":{"line":222,"column":2},"end":{"line":222,"column":20}},"149":{"start":{"line":225,"column":25},"end":{"line":232,"column":1}},"150":{"start":{"line":226,"column":2},"end":{"line":230,"column":3}},"151":{"start":{"line":227,"column":4},"end":{"line":227,"column":23}},"152":{"start":{"line":228,"column":9},"end":{"line":230,"column":3}},"153":{"start":{"line":229,"column":4},"end":{"line":229,"column":24}},"154":{"start":{"line":231,"column":2},"end":{"line":231,"column":20}},"155":{"start":{"line":234,"column":24},"end":{"line":241,"column":1}},"156":{"start":{"line":235,"column":20},"end":{"line":235,"column":50}},"157":{"start":{"line":236,"column":2},"end":{"line":240,"column":3}},"158":{"start":{"line":237,"column":4},"end":{"line":237,"column":31}},"159":{"start":{"line":239,"column":4},"end":{"line":239,"column":30}},"160":{"start":{"line":243,"column":0},"end":{"line":243,"column":33}},"161":{"start":{"line":244,"column":0},"end":{"line":244,"column":33}},"162":{"start":{"line":245,"column":0},"end":{"line":245,"column":33}},"163":{"start":{"line":246,"column":0},"end":{"line":246,"column":32}},"164":{"start":{"line":247,"column":0},"end":{"line":247,"column":34}},"165":{"start":{"line":248,"column":0},"end":{"line":248,"column":35}},"166":{"start":{"line":250,"column":0},"end":{"line":253,"column":3}},"167":{"start":{"line":251,"column":2},"end":{"line":251,"column":44}},"168":{"start":{"line":252,"column":2},"end":{"line":252,"column":49}},"169":{"start":{"line":256,"column":11},"end":{"line":256,"column":26}},"170":{"start":{"line":257,"column":15},"end":{"line":257,"column":63}},"171":{"start":{"line":258,"column":2},"end":{"line":261,"column":3}},"172":{"start":{"line":259,"column":4},"end":{"line":259,"column":63}},"173":{"start":{"line":260,"column":4},"end":{"line":260,"column":11}},"174":{"start":{"line":262,"column":13},"end":{"line":262,"column":29}},"175":{"start":{"line":264,"column":0},"end":{"line":320,"column":3}},"176":{"start":{"line":265,"column":16},"end":{"line":265,"column":35}},"177":{"start":{"line":266,"column":2},"end":{"line":269,"column":3}},"178":{"start":{"line":267,"column":4},"end":{"line":267,"column":50}},"179":{"start":{"line":268,"column":4},"end":{"line":268,"column":11}},"180":{"start":{"line":270,"column":3},"end":{"line":270,"column":64}},"181":{"start":{"line":272,"column":19},"end":{"line":272,"column":26}},"182":{"start":{"line":274,"column":2},"end":{"line":295,"column":3}},"183":{"start":{"line":275,"column":4},"end":{"line":275,"column":54}},"184":{"start":{"line":276,"column":4},"end":{"line":276,"column":53}},"185":{"start":{"line":277,"column":4},"end":{"line":277,"column":45}},"186":{"start":{"line":278,"column":4},"end":{"line":278,"column":51}},"187":{"start":{"line":279,"column":4},"end":{"line":279,"column":47}},"188":{"start":{"line":281,"column":4},"end":{"line":282,"column":57}},"189":{"start":{"line":282,"column":7},"end":{"line":282,"column":57}},"190":{"start":{"line":284,"column":4},"end":{"line":285,"column":56}},"191":{"start":{"line":285,"column":7},"end":{"line":285,"column":56}},"192":{"start":{"line":287,"column":3},"end":{"line":288,"column":48}},"193":{"start":{"line":288,"column":7},"end":{"line":288,"column":48}},"194":{"start":{"line":290,"column":3},"end":{"line":291,"column":54}},"195":{"start":{"line":291,"column":7},"end":{"line":291,"column":54}},"196":{"start":{"line":293,"column":3},"end":{"line":294,"column":50}},"197":{"start":{"line":294,"column":7},"end":{"line":294,"column":50}},"198":{"start":{"line":297,"column":2},"end":{"line":297,"column":51}},"199":{"start":{"line":298,"column":2},"end":{"line":298,"column":67}},"200":{"start":{"line":301,"column":19},"end":{"line":306,"column":7}},"201":{"start":{"line":302,"column":7},"end":{"line":305,"column":10}},"202":{"start":{"line":303,"column":26},"end":{"line":303,"column":81}},"203":{"start":{"line":304,"column":9},"end":{"line":304,"column":27}},"204":{"start":{"line":307,"column":5},"end":{"line":307,"column":20}},"205":{"start":{"line":310,"column":2},"end":{"line":319,"column":5}},"206":{"start":{"line":311,"column":4},"end":{"line":311,"column":73}},"207":{"start":{"line":312,"column":4},"end":{"line":317,"column":5}},"208":{"start":{"line":313,"column":4},"end":{"line":313,"column":80}},"209":{"start":{"line":314,"column":6},"end":{"line":316,"column":7}},"210":{"start":{"line":314,"column":17},"end":{"line":314,"column":18}},"211":{"start":{"line":315,"column":8},"end":{"line":315,"column":60}},"212":{"start":{"line":318,"column":4},"end":{"line":318,"column":67}},"213":{"start":{"line":322,"column":0},"end":{"line":322,"column":24}},"214":{"start":{"line":328,"column":2},"end":{"line":328,"column":61}},"215":{"start":{"line":329,"column":2},"end":{"line":331,"column":3}},"216":{"start":{"line":330,"column":4},"end":{"line":330,"column":41}},"217":{"start":{"line":333,"column":2},"end":{"line":333,"column":57}},"218":{"start":{"line":334,"column":2},"end":{"line":336,"column":3}},"219":{"start":{"line":335,"column":4},"end":{"line":335,"column":73}},"220":{"start":{"line":338,"column":2},"end":{"line":338,"column":65}},"221":{"start":{"line":339,"column":2},"end":{"line":339,"column":45}}},"fnMap":{"0":{"name":"(anonymous_0)","decl":{"start":{"line":1,"column":33},"end":{"line":1,"column":34}},"loc":{"start":{"line":1,"column":41},"end":{"line":3,"column":1}},"line":1},"1":{"name":"(anonymous_1)","decl":{"start":{"line":5,"column":39},"end":{"line":5,"column":40}},"loc":{"start":{"line":5,"column":47},"end":{"line":7,"column":1}},"line":5},"2":{"name":"(anonymous_2)","decl":{"start":{"line":9,"column":40},"end":{"line":9,"column":41}},"loc":{"start":{"line":9,"column":48},"end":{"line":49,"column":1}},"line":9},"3":{"name":"(anonymous_3)","decl":{"start":{"line":51,"column":37},"end":{"line":51,"column":38}},"loc":{"start":{"line":51,"column":46},"end":{"line":70,"column":1}},"line":51},"4":{"name":"(anonymous_4)","decl":{"start":{"line":72,"column":29},"end":{"line":72,"column":30}},"loc":{"start":{"line":72,"column":43},"end":{"line":76,"column":1}},"line":72},"5":{"name":"isNumber","decl":{"start":{"line":80,"column":16},"end":{"line":80,"column":24}},"loc":{"start":{"line":80,"column":28},"end":{"line":82,"column":1}},"line":80},"6":{"name":"isLetter","decl":{"start":{"line":84,"column":16},"end":{"line":84,"column":24}},"loc":{"start":{"line":84,"column":28},"end":{"line":86,"column":1}},"line":84},"7":{"name":"(anonymous_7)","decl":{"start":{"line":88,"column":31},"end":{"line":88,"column":32}},"loc":{"start":{"line":88,"column":39},"end":{"line":174,"column":1}},"line":88},"8":{"name":"(anonymous_8)","decl":{"start":{"line":89,"column":17},"end":{"line":89,"column":18}},"loc":{"start":{"line":89,"column":23},"end":{"line":96,"column":3}},"line":89},"9":{"name":"(anonymous_9)","decl":{"start":{"line":98,"column":25},"end":{"line":98,"column":26}},"loc":{"start":{"line":98,"column":37},"end":{"line":107,"column":5}},"line":98},"10":{"name":"(anonymous_10)","decl":{"start":{"line":115,"column":26},"end":{"line":115,"column":27}},"loc":{"start":{"line":115,"column":38},"end":{"line":164,"column":5}},"line":115},"11":{"name":"(anonymous_11)","decl":{"start":{"line":176,"column":46},"end":{"line":176,"column":47}},"loc":{"start":{"line":176,"column":58},"end":{"line":341,"column":1}},"line":176},"12":{"name":"(anonymous_12)","decl":{"start":{"line":185,"column":65},"end":{"line":185,"column":66}},"loc":{"start":{"line":185,"column":77},"end":{"line":187,"column":1}},"line":185},"13":{"name":"(anonymous_13)","decl":{"start":{"line":189,"column":65},"end":{"line":189,"column":66}},"loc":{"start":{"line":189,"column":77},"end":{"line":191,"column":1}},"line":189},"14":{"name":"create","decl":{"start":{"line":193,"column":9},"end":{"line":193,"column":15}},"loc":{"start":{"line":193,"column":34},"end":{"line":199,"column":1}},"line":193},"15":{"name":"(anonymous_15)","decl":{"start":{"line":201,"column":43},"end":{"line":201,"column":44}},"loc":{"start":{"line":201,"column":56},"end":{"line":204,"column":1}},"line":201},"16":{"name":"(anonymous_16)","decl":{"start":{"line":206,"column":15},"end":{"line":206,"column":16}},"loc":{"start":{"line":206,"column":27},"end":{"line":223,"column":1}},"line":206},"17":{"name":"(anonymous_17)","decl":{"start":{"line":225,"column":25},"end":{"line":225,"column":26}},"loc":{"start":{"line":225,"column":37},"end":{"line":232,"column":1}},"line":225},"18":{"name":"(anonymous_18)","decl":{"start":{"line":234,"column":24},"end":{"line":234,"column":25}},"loc":{"start":{"line":234,"column":36},"end":{"line":241,"column":1}},"line":234},"19":{"name":"(anonymous_19)","decl":{"start":{"line":250,"column":57},"end":{"line":250,"column":58}},"loc":{"start":{"line":250,"column":69},"end":{"line":253,"column":1}},"line":250},"20":{"name":"readFile","decl":{"start":{"line":255,"column":9},"end":{"line":255,"column":17}},"loc":{"start":{"line":255,"column":26},"end":{"line":323,"column":1}},"line":255},"21":{"name":"(anonymous_21)","decl":{"start":{"line":264,"column":16},"end":{"line":264,"column":17}},"loc":{"start":{"line":264,"column":32},"end":{"line":320,"column":3}},"line":264},"22":{"name":"getFileSize","decl":{"start":{"line":300,"column":11},"end":{"line":300,"column":22}},"loc":{"start":{"line":300,"column":35},"end":{"line":308,"column":3}},"line":300},"23":{"name":"(anonymous_23)","decl":{"start":{"line":301,"column":31},"end":{"line":301,"column":32}},"loc":{"start":{"line":301,"column":57},"end":{"line":306,"column":6}},"line":301},"24":{"name":"(anonymous_24)","decl":{"start":{"line":302,"column":25},"end":{"line":302,"column":26}},"loc":{"start":{"line":302,"column":36},"end":{"line":305,"column":8}},"line":302},"25":{"name":"(anonymous_25)","decl":{"start":{"line":310,"column":31},"end":{"line":310,"column":32}},"loc":{"start":{"line":310,"column":50},"end":{"line":319,"column":3}},"line":310},"26":{"name":"openTab","decl":{"start":{"line":325,"column":9},"end":{"line":325,"column":16}},"loc":{"start":{"line":325,"column":33},"end":{"line":340,"column":1}},"line":325}},"branchMap":{"0":{"loc":{"start":{"line":13,"column":4},"end":{"line":16,"column":5}},"type":"if","locations":[{"start":{"line":13,"column":4},"end":{"line":16,"column":5}},{"start":{"line":13,"column":4},"end":{"line":16,"column":5}}],"line":13},"1":{"loc":{"start":{"line":13,"column":8},"end":{"line":13,"column":45}},"type":"binary-expr","locations":[{"start":{"line":13,"column":9},"end":{"line":13,"column":23}},{"start":{"line":13,"column":29},"end":{"line":13,"column":44}}],"line":13},"2":{"loc":{"start":{"line":18,"column":4},"end":{"line":22,"column":6}},"type":"if","locations":[{"start":{"line":18,"column":4},"end":{"line":22,"column":6}},{"start":{"line":18,"column":4},"end":{"line":22,"column":6}}],"line":18},"3":{"loc":{"start":{"line":18,"column":8},"end":{"line":18,"column":64}},"type":"binary-expr","locations":[{"start":{"line":18,"column":9},"end":{"line":18,"column":23}},{"start":{"line":18,"column":28},"end":{"line":18,"column":44}},{"start":{"line":18,"column":49},"end":{"line":18,"column":63}}],"line":18},"4":{"loc":{"start":{"line":24,"column":3},"end":{"line":27,"column":5}},"type":"if","locations":[{"start":{"line":24,"column":3},"end":{"line":27,"column":5}},{"start":{"line":24,"column":3},"end":{"line":27,"column":5}}],"line":24},"5":{"loc":{"start":{"line":24,"column":7},"end":{"line":24,"column":43}},"type":"binary-expr","locations":[{"start":{"line":24,"column":8},"end":{"line":24,"column":22}},{"start":{"line":24,"column":28},"end":{"line":24,"column":42}}],"line":24},"6":{"loc":{"start":{"line":29,"column":3},"end":{"line":46,"column":1}},"type":"if","locations":[{"start":{"line":29,"column":3},"end":{"line":46,"column":1}},{"start":{"line":29,"column":3},"end":{"line":46,"column":1}}],"line":29},"7":{"loc":{"start":{"line":29,"column":7},"end":{"line":29,"column":45}},"type":"binary-expr","locations":[{"start":{"line":29,"column":8},"end":{"line":29,"column":22}},{"start":{"line":29,"column":28},"end":{"line":29,"column":44}}],"line":29},"8":{"loc":{"start":{"line":30,"column":4},"end":{"line":45,"column":3}},"type":"if","locations":[{"start":{"line":30,"column":4},"end":{"line":45,"column":3}},{"start":{"line":30,"column":4},"end":{"line":45,"column":3}}],"line":30},"9":{"loc":{"start":{"line":32,"column":8},"end":{"line":35,"column":9}},"type":"if","locations":[{"start":{"line":32,"column":8},"end":{"line":35,"column":9}},{"start":{"line":32,"column":8},"end":{"line":35,"column":9}}],"line":32},"10":{"loc":{"start":{"line":40,"column":8},"end":{"line":44,"column":9}},"type":"if","locations":[{"start":{"line":40,"column":8},"end":{"line":44,"column":9}},{"start":{"line":40,"column":8},"end":{"line":44,"column":9}}],"line":40},"11":{"loc":{"start":{"line":61,"column":4},"end":{"line":65,"column":5}},"type":"if","locations":[{"start":{"line":61,"column":4},"end":{"line":65,"column":5}},{"start":{"line":61,"column":4},"end":{"line":65,"column":5}}],"line":61},"12":{"loc":{"start":{"line":61,"column":8},"end":{"line":61,"column":80}},"type":"binary-expr","locations":[{"start":{"line":61,"column":8},"end":{"line":61,"column":41}},{"start":{"line":61,"column":45},"end":{"line":61,"column":80}}],"line":61},"13":{"loc":{"start":{"line":81,"column":9},"end":{"line":81,"column":45}},"type":"binary-expr","locations":[{"start":{"line":81,"column":9},"end":{"line":81,"column":30}},{"start":{"line":81,"column":34},"end":{"line":81,"column":45}}],"line":81},"14":{"loc":{"start":{"line":127,"column":14},"end":{"line":129,"column":25}},"type":"if","locations":[{"start":{"line":127,"column":14},"end":{"line":129,"column":25}},{"start":{"line":127,"column":14},"end":{"line":129,"column":25}}],"line":127},"15":{"loc":{"start":{"line":132,"column":12},"end":{"line":134,"column":23}},"type":"if","locations":[{"start":{"line":132,"column":12},"end":{"line":134,"column":23}},{"start":{"line":132,"column":12},"end":{"line":134,"column":23}}],"line":132},"16":{"loc":{"start":{"line":132,"column":16},"end":{"line":132,"column":182}},"type":"binary-expr","locations":[{"start":{"line":132,"column":17},"end":{"line":132,"column":30}},{"start":{"line":132,"column":36},"end":{"line":132,"column":49}},{"start":{"line":132,"column":55},"end":{"line":132,"column":68}},{"start":{"line":132,"column":74},"end":{"line":132,"column":87}},{"start":{"line":132,"column":93},"end":{"line":132,"column":106}},{"start":{"line":132,"column":112},"end":{"line":132,"column":125}},{"start":{"line":132,"column":131},"end":{"line":132,"column":145}},{"start":{"line":132,"column":150},"end":{"line":132,"column":163}},{"start":{"line":132,"column":168},"end":{"line":132,"column":181}}],"line":132},"17":{"loc":{"start":{"line":136,"column":10},"end":{"line":161,"column":9}},"type":"if","locations":[{"start":{"line":136,"column":10},"end":{"line":161,"column":9}},{"start":{"line":136,"column":10},"end":{"line":161,"column":9}}],"line":136},"18":{"loc":{"start":{"line":139,"column":14},"end":{"line":158,"column":15}},"type":"if","locations":[{"start":{"line":139,"column":14},"end":{"line":158,"column":15}},{"start":{"line":139,"column":14},"end":{"line":158,"column":15}}],"line":139},"19":{"loc":{"start":{"line":146,"column":14},"end":{"line":152,"column":17}},"type":"if","locations":[{"start":{"line":146,"column":14},"end":{"line":152,"column":17}},{"start":{"line":146,"column":14},"end":{"line":152,"column":17}}],"line":146},"20":{"loc":{"start":{"line":146,"column":18},"end":{"line":146,"column":125}},"type":"binary-expr","locations":[{"start":{"line":146,"column":19},"end":{"line":146,"column":60}},{"start":{"line":146,"column":64},"end":{"line":146,"column":92}},{"start":{"line":146,"column":96},"end":{"line":146,"column":124}}],"line":146},"21":{"loc":{"start":{"line":147,"column":14},"end":{"line":152,"column":17}},"type":"if","locations":[{"start":{"line":147,"column":14},"end":{"line":152,"column":17}},{"start":{"line":147,"column":14},"end":{"line":152,"column":17}}],"line":147},"22":{"loc":{"start":{"line":147,"column":18},"end":{"line":147,"column":221}},"type":"binary-expr","locations":[{"start":{"line":147,"column":19},"end":{"line":147,"column":73}},{"start":{"line":147,"column":78},"end":{"line":147,"column":119}},{"start":{"line":147,"column":123},"end":{"line":147,"column":164}},{"start":{"line":147,"column":167},"end":{"line":147,"column":221}}],"line":147},"23":{"loc":{"start":{"line":207,"column":2},"end":{"line":221,"column":3}},"type":"if","locations":[{"start":{"line":207,"column":2},"end":{"line":221,"column":3}},{"start":{"line":207,"column":2},"end":{"line":221,"column":3}}],"line":207},"24":{"loc":{"start":{"line":226,"column":2},"end":{"line":230,"column":3}},"type":"if","locations":[{"start":{"line":226,"column":2},"end":{"line":230,"column":3}},{"start":{"line":226,"column":2},"end":{"line":230,"column":3}}],"line":226},"25":{"loc":{"start":{"line":226,"column":6},"end":{"line":226,"column":100}},"type":"binary-expr","locations":[{"start":{"line":226,"column":6},"end":{"line":226,"column":18}},{"start":{"line":226,"column":22},"end":{"line":226,"column":34}},{"start":{"line":226,"column":38},"end":{"line":226,"column":50}},{"start":{"line":226,"column":54},"end":{"line":226,"column":65}},{"start":{"line":226,"column":69},"end":{"line":226,"column":82}},{"start":{"line":226,"column":86},"end":{"line":226,"column":100}}],"line":226},"26":{"loc":{"start":{"line":228,"column":9},"end":{"line":230,"column":3}},"type":"if","locations":[{"start":{"line":228,"column":9},"end":{"line":230,"column":3}},{"start":{"line":228,"column":9},"end":{"line":230,"column":3}}],"line":228},"27":{"loc":{"start":{"line":228,"column":13},"end":{"line":228,"column":113}},"type":"binary-expr","locations":[{"start":{"line":228,"column":13},"end":{"line":228,"column":26}},{"start":{"line":228,"column":30},"end":{"line":228,"column":43}},{"start":{"line":228,"column":47},"end":{"line":228,"column":60}},{"start":{"line":228,"column":64},"end":{"line":228,"column":76}},{"start":{"line":228,"column":80},"end":{"line":228,"column":94}},{"start":{"line":228,"column":98},"end":{"line":228,"column":113}}],"line":228},"28":{"loc":{"start":{"line":236,"column":2},"end":{"line":240,"column":3}},"type":"if","locations":[{"start":{"line":236,"column":2},"end":{"line":240,"column":3}},{"start":{"line":236,"column":2},"end":{"line":240,"column":3}}],"line":236},"29":{"loc":{"start":{"line":236,"column":6},"end":{"line":236,"column":158}},"type":"binary-expr","locations":[{"start":{"line":236,"column":6},"end":{"line":236,"column":43}},{"start":{"line":236,"column":48},"end":{"line":236,"column":60}},{"start":{"line":236,"column":64},"end":{"line":236,"column":76}},{"start":{"line":236,"column":80},"end":{"line":236,"column":92}},{"start":{"line":236,"column":96},"end":{"line":236,"column":107}},{"start":{"line":236,"column":111},"end":{"line":236,"column":124}},{"start":{"line":236,"column":128},"end":{"line":236,"column":142}},{"start":{"line":236,"column":146},"end":{"line":236,"column":157}}],"line":236},"30":{"loc":{"start":{"line":258,"column":2},"end":{"line":261,"column":3}},"type":"if","locations":[{"start":{"line":258,"column":2},"end":{"line":261,"column":3}},{"start":{"line":258,"column":2},"end":{"line":261,"column":3}}],"line":258},"31":{"loc":{"start":{"line":266,"column":2},"end":{"line":269,"column":3}},"type":"if","locations":[{"start":{"line":266,"column":2},"end":{"line":269,"column":3}},{"start":{"line":266,"column":2},"end":{"line":269,"column":3}}],"line":266},"32":{"loc":{"start":{"line":274,"column":2},"end":{"line":295,"column":3}},"type":"if","locations":[{"start":{"line":274,"column":2},"end":{"line":295,"column":3}},{"start":{"line":274,"column":2},"end":{"line":295,"column":3}}],"line":274},"33":{"loc":{"start":{"line":281,"column":4},"end":{"line":282,"column":57}},"type":"if","locations":[{"start":{"line":281,"column":4},"end":{"line":282,"column":57}},{"start":{"line":281,"column":4},"end":{"line":282,"column":57}}],"line":281},"34":{"loc":{"start":{"line":284,"column":4},"end":{"line":285,"column":56}},"type":"if","locations":[{"start":{"line":284,"column":4},"end":{"line":285,"column":56}},{"start":{"line":284,"column":4},"end":{"line":285,"column":56}}],"line":284},"35":{"loc":{"start":{"line":287,"column":3},"end":{"line":288,"column":48}},"type":"if","locations":[{"start":{"line":287,"column":3},"end":{"line":288,"column":48}},{"start":{"line":287,"column":3},"end":{"line":288,"column":48}}],"line":287},"36":{"loc":{"start":{"line":290,"column":3},"end":{"line":291,"column":54}},"type":"if","locations":[{"start":{"line":290,"column":3},"end":{"line":291,"column":54}},{"start":{"line":290,"column":3},"end":{"line":291,"column":54}}],"line":290},"37":{"loc":{"start":{"line":293,"column":3},"end":{"line":294,"column":50}},"type":"if","locations":[{"start":{"line":293,"column":3},"end":{"line":294,"column":50}},{"start":{"line":293,"column":3},"end":{"line":294,"column":50}}],"line":293},"38":{"loc":{"start":{"line":312,"column":4},"end":{"line":317,"column":5}},"type":"if","locations":[{"start":{"line":312,"column":4},"end":{"line":317,"column":5}},{"start":{"line":312,"column":4},"end":{"line":317,"column":5}}],"line":312},"39":{"loc":{"start":{"line":312,"column":8},"end":{"line":312,"column":33}},"type":"binary-expr","locations":[{"start":{"line":312,"column":8},"end":{"line":312,"column":15}},{"start":{"line":312,"column":19},"end":{"line":312,"column":33}}],"line":312}},"s":{"0":1,"1":1,"2":1,"3":1,"4":1,"5":1,"6":1,"7":1,"8":52,"9":0,"10":0,"11":52,"12":0,"13":0,"14":0,"15":52,"16":0,"17":0,"18":52,"19":1,"20":1,"21":1,"22":43,"23":0,"24":0,"25":0,"26":0,"27":0,"28":0,"29":0,"30":0,"31":1,"32":1,"33":1,"34":1,"35":1,"36":1,"37":2,"38":1,"39":1,"40":1,"41":1,"42":1,"43":1,"44":3,"45":3,"46":3,"47":4,"48":7,"49":1,"50":1,"51":2,"52":2,"53":2,"54":2,"55":1,"56":10,"57":10,"58":10,"59":10,"60":8,"61":8,"62":10,"63":1,"64":1,"65":1,"66":1,"67":1,"68":1,"69":4,"70":4,"71":4,"72":4,"73":2,"74":2,"75":2,"76":2,"77":2,"78":2,"79":2,"80":2,"81":2,"82":0,"83":2,"84":2,"85":2,"86":4,"87":2,"88":2,"89":2,"90":2,"91":2,"92":2,"93":2,"94":2,"95":2,"96":3,"97":3,"98":2,"99":2,"100":2,"101":2,"102":2,"103":2,"104":2,"105":2,"106":2,"107":1,"108":1,"109":1,"110":1,"111":1,"112":1,"113":1,"114":1,"115":0,"116":0,"117":0,"118":0,"119":0,"120":0,"121":0,"122":0,"123":0,"124":0,"125":0,"126":0,"127":0,"128":0,"129":0,"130":0,"131":0,"132":0,"133":0,"134":0,"135":0,"136":0,"137":0,"138":0,"139":0,"140":0,"141":0,"142":0,"143":0,"144":0,"145":0,"146":0,"147":0,"148":0,"149":0,"150":0,"151":0,"152":0,"153":0,"154":0,"155":0,"156":0,"157":0,"158":0,"159":0,"160":0,"161":0,"162":0,"163":0,"164":0,"165":0,"166":0,"167":0,"168":0,"169":0,"170":0,"171":0,"172":0,"173":0,"174":0,"175":0,"176":0,"177":0,"178":0,"179":0,"180":0,"181":0,"182":0,"183":0,"184":0,"185":0,"186":0,"187":0,"188":0,"189":0,"190":0,"191":0,"192":0,"193":0,"194":0,"195":0,"196":0,"197":0,"198":0,"199":0,"200":0,"201":0,"202":0,"203":0,"204":0,"205":0,"206":0,"207":0,"208":0,"209":0,"210":0,"211":0,"212":0,"213":0,"214":0,"215":0,"216":0,"217":0,"218":0,"219":0,"220":0,"221":0},"f":{"0":1,"1":1,"2":1,"3":1,"4":3,"5":4,"6":7,"7":1,"8":2,"9":10,"10":4,"11":0,"12":0,"13":0,"14":0,"15":0,"16":0,"17":0,"18":0,"19":0,"20":0,"21":0,"22":0,"23":0,"24":0,"25":0,"26":0},"b":{"0":[0,52],"1":[52,0],"2":[0,52],"3":[52,0,0],"4":[0,52],"5":[52,0],"6":[1,51],"7":[52,2],"8":[1,0],"9":[0,43],"10":[0,0],"11":[1,1],"12":[2,1],"13":[4,1],"14":[0,2],"15":[2,2],"16":[4,4,4,4,2,2,2,2,2],"17":[2,0],"18":[2,0],"19":[2,1],"20":[3,2,2],"21":[2,0],"22":[2,2,2,2],"23":[0,0],"24":[0,0],"25":[0,0,0,0,0,0],"26":[0,0],"27":[0,0,0,0,0,0],"28":[0,0],"29":[0,0,0,0,0,0,0,0],"30":[0,0],"31":[0,0],"32":[0,0],"33":[0,0],"34":[0,0],"35":[0,0],"36":[0,0],"37":[0,0],"38":[0,0],"39":[0,0]},"_coverageSchema":"1a1c01bbd47fc00a2c39e90264f33305004495a9","hash":"b4aaebfcda241629ef62e6057bfce975dd95be65"}
}
