TN:
SF:src\obfuscator.js
FN:1,(anonymous_0)
FN:5,(anonymous_1)
FN:9,(anonymous_2)
FN:51,(anonymous_3)
FN:72,(anonymous_4)
FN:80,isNumber
FN:84,isLetter
FN:88,(anonymous_7)
FN:89,(anonymous_8)
FN:98,(anonymous_9)
FN:115,(anonymous_10)
FN:176,(anonymous_11)
FN:185,(anonymous_12)
FN:189,(anonymous_13)
FN:193,create
FN:201,(anonymous_15)
FN:206,(anonymous_16)
FN:225,(anonymous_17)
FN:234,(anonymous_18)
FN:250,(anonymous_19)
FN:255,readFile
FN:264,(anonymous_21)
FN:300,getFileSize
FN:301,(anonymous_23)
FN:302,(anonymous_24)
FN:310,(anonymous_25)
FN:325,openTab
FNF:27
FNH:11
FNDA:1,(anonymous_0)
FNDA:1,(anonymous_1)
FNDA:1,(anonymous_2)
FNDA:1,(anonymous_3)
FNDA:3,(anonymous_4)
FNDA:4,isNumber
FNDA:7,isLetter
FNDA:1,(anonymous_7)
FNDA:2,(anonymous_8)
FNDA:10,(anonymous_9)
FNDA:4,(anonymous_10)
FNDA:0,(anonymous_11)
FNDA:0,(anonymous_12)
FNDA:0,(anonymous_13)
FNDA:0,create
FNDA:0,(anonymous_15)
FNDA:0,(anonymous_16)
FNDA:0,(anonymous_17)
FNDA:0,(anonymous_18)
FNDA:0,(anonymous_19)
FNDA:0,readFile
FNDA:0,(anonymous_21)
FNDA:0,getFileSize
FNDA:0,(anonymous_23)
FNDA:0,(anonymous_24)
FNDA:0,(anonymous_25)
FNDA:0,openTab
DA:1,1
DA:2,1
DA:5,1
DA:6,1
DA:9,1
DA:10,1
DA:12,1
DA:13,52
DA:14,0
DA:15,0
DA:18,52
DA:19,0
DA:20,0
DA:21,0
DA:24,52
DA:25,0
DA:26,0
DA:29,52
DA:30,1
DA:31,1
DA:32,43
DA:33,0
DA:34,0
DA:39,0
DA:40,0
DA:41,0
DA:42,0
DA:43,0
DA:48,1
DA:51,1
DA:52,1
DA:58,1
DA:60,1
DA:61,2
DA:62,1
DA:63,1
DA:64,1
DA:68,1
DA:69,1
DA:72,1
DA:73,3
DA:74,3
DA:75,3
DA:81,4
DA:85,7
DA:88,1
DA:89,1
DA:90,2
DA:91,2
DA:93,2
DA:95,2
DA:98,1
DA:99,10
DA:100,10
DA:101,10
DA:102,10
DA:103,8
DA:104,8
DA:106,10
DA:109,1
DA:110,1
DA:111,1
DA:112,1
DA:113,1
DA:115,1
DA:116,4
DA:117,4
DA:118,4
DA:119,2
DA:120,2
DA:121,2
DA:122,2
DA:123,2
DA:124,2
DA:126,2
DA:127,2
DA:128,0
DA:129,2
DA:131,2
DA:132,4
DA:133,2
DA:134,2
DA:136,2
DA:137,2
DA:138,2
DA:139,2
DA:141,2
DA:143,2
DA:144,3
DA:146,3
DA:147,2
DA:149,2
DA:150,2
DA:151,2
DA:154,2
DA:155,2
DA:156,2
DA:157,2
DA:162,2
DA:165,1
DA:166,1
DA:167,1
DA:168,1
DA:170,1
DA:171,1
DA:173,1
DA:176,1
DA:177,0
DA:178,0
DA:179,0
DA:180,0
DA:181,0
DA:182,0
DA:183,0
DA:185,0
DA:186,0
DA:189,0
DA:190,0
DA:194,0
DA:195,0
DA:196,0
DA:197,0
DA:198,0
DA:201,0
DA:202,0
DA:203,0
DA:206,0
DA:207,0
DA:208,0
DA:209,0
DA:210,0
DA:211,0
DA:212,0
DA:213,0
DA:215,0
DA:216,0
DA:217,0
DA:218,0
DA:219,0
DA:220,0
DA:222,0
DA:225,0
DA:226,0
DA:227,0
DA:228,0
DA:229,0
DA:231,0
DA:234,0
DA:235,0
DA:236,0
DA:237,0
DA:239,0
DA:243,0
DA:244,0
DA:245,0
DA:246,0
DA:247,0
DA:248,0
DA:250,0
DA:251,0
DA:252,0
DA:256,0
DA:257,0
DA:258,0
DA:259,0
DA:260,0
DA:262,0
DA:264,0
DA:265,0
DA:266,0
DA:267,0
DA:268,0
DA:270,0
DA:272,0
DA:274,0
DA:275,0
DA:276,0
DA:277,0
DA:278,0
DA:279,0
DA:281,0
DA:282,0
DA:284,0
DA:285,0
DA:287,0
DA:288,0
DA:290,0
DA:291,0
DA:293,0
DA:294,0
DA:297,0
DA:298,0
DA:301,0
DA:302,0
DA:303,0
DA:304,0
DA:307,0
DA:310,0
DA:311,0
DA:312,0
DA:313,0
DA:314,0
DA:315,0
DA:318,0
DA:322,0
DA:328,0
DA:329,0
DA:330,0
DA:333,0
DA:334,0
DA:335,0
DA:338,0
DA:339,0
LF:213
LH:92
BRDA:13,0,0,0
BRDA:13,0,1,52
BRDA:13,1,0,52
BRDA:13,1,1,0
BRDA:18,2,0,0
BRDA:18,2,1,52
BRDA:18,3,0,52
BRDA:18,3,1,0
BRDA:18,3,2,0
BRDA:24,4,0,0
BRDA:24,4,1,52
BRDA:24,5,0,52
BRDA:24,5,1,0
BRDA:29,6,0,1
BRDA:29,6,1,51
BRDA:29,7,0,52
BRDA:29,7,1,2
BRDA:30,8,0,1
BRDA:30,8,1,0
BRDA:32,9,0,0
BRDA:32,9,1,43
BRDA:40,10,0,0
BRDA:40,10,1,0
BRDA:61,11,0,1
BRDA:61,11,1,1
BRDA:61,12,0,2
BRDA:61,12,1,1
BRDA:81,13,0,4
BRDA:81,13,1,1
BRDA:127,14,0,0
BRDA:127,14,1,2
BRDA:132,15,0,2
BRDA:132,15,1,2
BRDA:132,16,0,4
BRDA:132,16,1,4
BRDA:132,16,2,4
BRDA:132,16,3,4
BRDA:132,16,4,2
BRDA:132,16,5,2
BRDA:132,16,6,2
BRDA:132,16,7,2
BRDA:132,16,8,2
BRDA:136,17,0,2
BRDA:136,17,1,0
BRDA:139,18,0,2
BRDA:139,18,1,0
BRDA:146,19,0,2
BRDA:146,19,1,1
BRDA:146,20,0,3
BRDA:146,20,1,2
BRDA:146,20,2,2
BRDA:147,21,0,2
BRDA:147,21,1,0
BRDA:147,22,0,2
BRDA:147,22,1,2
BRDA:147,22,2,2
BRDA:147,22,3,2
BRDA:207,23,0,0
BRDA:207,23,1,0
BRDA:226,24,0,0
BRDA:226,24,1,0
BRDA:226,25,0,0
BRDA:226,25,1,0
BRDA:226,25,2,0
BRDA:226,25,3,0
BRDA:226,25,4,0
BRDA:226,25,5,0
BRDA:228,26,0,0
BRDA:228,26,1,0
BRDA:228,27,0,0
BRDA:228,27,1,0
BRDA:228,27,2,0
BRDA:228,27,3,0
BRDA:228,27,4,0
BRDA:228,27,5,0
BRDA:236,28,0,0
BRDA:236,28,1,0
BRDA:236,29,0,0
BRDA:236,29,1,0
BRDA:236,29,2,0
BRDA:236,29,3,0
BRDA:236,29,4,0
BRDA:236,29,5,0
BRDA:236,29,6,0
BRDA:236,29,7,0
BRDA:258,30,0,0
BRDA:258,30,1,0
BRDA:266,31,0,0
BRDA:266,31,1,0
BRDA:274,32,0,0
BRDA:274,32,1,0
BRDA:281,33,0,0
BRDA:281,33,1,0
BRDA:284,34,0,0
BRDA:284,34,1,0
BRDA:287,35,0,0
BRDA:287,35,1,0
BRDA:290,36,0,0
BRDA:290,36,1,0
BRDA:293,37,0,0
BRDA:293,37,1,0
BRDA:312,38,0,0
BRDA:312,38,1,0
BRDA:312,39,0,0
BRDA:312,39,1,0
BRF:105
BRH:42
end_of_record
